<?xml version="1.0" encoding="UTF-8"?>
<!-- Generated by org.testng.reporters.JUnitReportReporter -->
<testsuite hostname="DESKTOP-C2QVUKK" failures="0" tests="1" name="testcases.AccountCreationTest" time="39.292" errors="0" timestamp="2024-09-10T17:08:54 IST" skipped="0">
  <testcase classname="testcases.AccountCreationTest" name="testCreateNewAccountAndLogin" time="39.292"/>
</testsuite> <!-- testcases.AccountCreationTest -->
